<?xml version="1.0" encoding="UTF-8"?>
<!-- Generated by org.testng.reporters.JUnitReportReporter -->
<testsuite hostname="DESKTOP-ELU3M4T" failures="0" tests="1" name="org.selenium.testNGcommands.Commands" time="19.533" errors="0" timestamp="2024-08-06T20:38:51 IST" skipped="0">
  <testcase classname="org.selenium.testNGcommands.Commands" name="verifyFluentWait" time="19.533"/>
</testsuite> <!-- org.selenium.testNGcommands.Commands -->
