<?xml version="1.0" encoding="UTF-8"?>
<!-- Generated by org.testng.reporters.JUnitReportReporter -->
<testsuite hostname="DESKTOP-ELU3M4T" failures="0" tests="4" name="testScripts.LoginPageTest" time="28.230" errors="0" timestamp="2024-08-19T19:49:07 IST" skipped="0">
  <testcase classname="testScripts.LoginPageTest" name="verifyUserLoginWithInvalidUserCredentials" time="8.681"/>
  <testcase classname="testScripts.LoginPageTest" name="verifyUserLoginWithInvalidUserCredentials" time="6.125"/>
  <testcase classname="testScripts.LoginPageTest" name="verifyUserLoginWithValidCredentials" time="6.401"/>
  <testcase classname="testScripts.LoginPageTest" name="verifyUserLoginWithInvalidUserCredentials" time="7.023"/>
</testsuite> <!-- testScripts.LoginPageTest -->
