<?xml version="1.0" encoding="UTF-8"?>
<!-- Generated by org.testng.reporters.JUnitReportReporter -->
<testsuite hostname="DESKTOP-ELU3M4T" failures="0" tests="4" name="testScripts.LoginPageTest" time="27.519" errors="0" timestamp="2024-08-23T20:06:29 IST" skipped="0">
  <testcase classname="testScripts.LoginPageTest" name="verifyUserLoginWithValidCredentials" time="6.139"/>
  <testcase classname="testScripts.LoginPageTest" name="verifyUserLoginWithInvalidUserCredentials" time="7.585"/>
  <testcase classname="testScripts.LoginPageTest" name="verifyUserLoginWithInvalidUserCredentials" time="7.492"/>
  <testcase classname="testScripts.LoginPageTest" name="verifyUserLoginWithInvalidUserCredentials" time="6.303"/>
</testsuite> <!-- testScripts.LoginPageTest -->
