<?xml version="1.0" encoding="UTF-8"?>
<!-- Generated by org.testng.reporters.JUnitReportReporter -->
<testsuite hostname="DESKTOP-ELU3M4T" failures="0" tests="1" name="testScripts.HomePageTest" time="5.342" errors="0" timestamp="2024-08-30T12:34:46 IST" skipped="0">
  <testcase classname="testScripts.HomePageTest" name="verifyHomePageTitle" time="5.342"/>
</testsuite> <!-- testScripts.HomePageTest -->
