<?xml version="1.0" encoding="UTF-8"?>
<!-- Generated by org.testng.reporters.JUnitReportReporter -->
<testsuite hostname="DESKTOP-ELU3M4T" failures="0" tests="1" name="testScripts.RegisterPageTest" time="11.113" errors="0" timestamp="2024-08-23T20:06:29 IST" skipped="0">
  <testcase classname="testScripts.RegisterPageTest" name="verifyUserRegistration" time="11.113"/>
</testsuite> <!-- testScripts.RegisterPageTest -->
